<?xml version="1.0" encoding="UTF-8"?>
<!-- Generated by org.testng.reporters.JUnitXMLReporter -->
<testsuite ignored="0" hostname="TEKSCHOOL" failures="0" tests="12" name="Default test" time="0.896" errors="0" timestamp="2023-03-07T16:44:24 EST">
  <testcase classname="testNG.basics.DataProviderWithExcelSheet" name="test" time="0.005"/>
  <testcase classname="testNG.basics.DataProviderWithExcelSheet" name="test" time="0.001"/>
  <testcase classname="testNG.basics.DataProviderWithExcelSheet" name="test" time="0.001"/>
  <testcase classname="testNG.basics.DataProviderWithExcelSheet" name="test" time="0.002"/>
  <testcase classname="testNG.basics.DataProviderWithExcelSheet" name="test" time="0.001"/>
  <testcase classname="testNG.basics.DataProviderWithExcelSheet" name="test" time="0.001"/>
  <testcase classname="testNG.basics.DataProviderWithExcelSheet" name="test" time="0.001"/>
  <testcase classname="testNG.basics.DataProviderWithExcelSheet" name="test" time="0.0"/>
  <testcase classname="testNG.basics.DataProviderWithExcelSheet" name="test" time="0.001"/>
  <testcase classname="testNG.basics.DataProviderWithExcelSheet" name="test" time="0.0"/>
  <testcase classname="testNG.basics.DataProviderWithExcelSheet" name="test" time="0.002"/>
  <testcase classname="testNG.basics.DataProviderWithExcelSheet" name="test" time="0.001"/>
</testsuite> <!-- Default test -->
