<?xml version="1.0" encoding="UTF-8"?>
<!-- Generated by org.testng.reporters.JUnitXMLReporter -->
<testsuite ignored="0" hostname="TEKSCHOOL" failures="0" tests="3" name="Parallel Execution Test" time="6.092" errors="0" timestamp="2023-03-07T14:46:29 EST">
  <testcase classname="testNG.basics.ParallelExecution" name="testFirefox" time="5.208"/>
  <testcase classname="testNG.basics.ParallelExecution" name="testEdge" time="5.403"/>
  <testcase classname="testNG.basics.ParallelExecution" name="testChrome" time="6.001"/>
</testsuite> <!-- Parallel Execution Test -->
