<?xml version="1.0" encoding="UTF-8"?>
<!-- Generated by org.testng.reporters.JUnitXMLReporter -->
<testsuite ignored="0" hostname="TEKSCHOOL" failures="0" tests="5" name="TestNG Basics " time="0.139" errors="0" timestamp="2023-03-07T15:07:36 EST">
  <testcase classname="testNG.basics.ParametersConcept" name="test" time="0.026"/>
  <testcase classname="testNG.basics.ParametersConcept2" name="test" time="0.001"/>
  <testcase classname="testNG.basics.ParametersConcept3" name="test" time="0.003"/>
  <testcase classname="testNG.basics.ParametersConcept4" name="test" time="0.005"/>
  <testcase classname="testNG.basics.ParametersConcept5" name="test" time="0.002"/>
</testsuite> <!-- TestNG Basics  -->
